# JRE version: OpenJDK Runtime Environment (21.0.5) (build 21.0.5+-12932927-b750.29)
# Java VM: OpenJDK 64-Bit Server VM (21.0.5+-12932927-b750.29, mixed mode, tiered, compressed oops, compressed class ptrs, g1 gc, windows-amd64)
GC Precious Log:
 CardTable entry size: 512
 Card Set container configuration: InlinePtr #cards 5 size 8 Array Of Cards #cards 12 size 40 Howl #buckets 4 coarsen threshold 1843 Howl Bitmap #cards 512 size 80 coarsen threshold 460 Card regions per heap region 1 cards per card region 2048
 CPUs: 8 total, 8 available
 Memory: 8025M
 Large Page Support: Disabled
 NUMA Support: Disabled
 Compressed Oops: Enabled (32-bit)
 Heap Region Size: 1M
 Heap Min Capacity: 8M
 Heap Initial Capacity: 126M
 Heap Max Capacity: 2G
 Pre-touch: Disabled
 Parallel Workers: 8
 Concurrent Workers: 2
 Concurrent Refinement Workers: 8
 Periodic GC: Disabled
Heap:
 garbage-first heap   total 464896K, used 189014K [0x0000000080000000, 0x0000000100000000)
  region size 1024K, 20 young (20480K), 9 survivors (9216K)
 Metaspace       used 165581K, committed 167360K, reserved 1245184K
  class space    used 21159K, committed 22144K, reserved 1048576K
GC Heap History (20 events):
Event: 9082.204 GC heap before
{Heap before GC invocations=95 (full 0):
 garbage-first heap   total 425984K, used 184996K [0x0000000080000000, 0x0000000100000000)
  region size 1024K, 52 young (53248K), 7 survivors (7168K)
 Metaspace       used 160655K, committed 162880K, reserved 1245184K
  class space    used 20758K, committed 22144K, reserved 1048576K
}
Event: 9082.230 GC heap after
{Heap after GC invocations=96 (full 0):
 garbage-first heap   total 425984K, used 146086K [0x0000000080000000, 0x0000000100000000)
  region size 1024K, 13 young (13312K), 13 survivors (13312K)
 Metaspace       used 160655K, committed 162880K, reserved 1245184K
  class space    used 20758K, committed 22144K, reserved 1048576K
}
Event: 9165.445 GC heap before
{Heap before GC invocations=97 (full 0):
 garbage-first heap   total 425984K, used 424614K [0x0000000080000000, 0x0000000100000000)
  region size 1024K, 230 young (235520K), 13 survivors (13312K)
 Metaspace       used 160817K, committed 163008K, reserved 1245184K
  class space    used 20759K, committed 22144K, reserved 1048576K
}
Event: 9165.488 GC heap after
{Heap after GC invocations=98 (full 0):
 garbage-first heap   total 439296K, used 145561K [0x0000000080000000, 0x0000000100000000)
  region size 1024K, 13 young (13312K), 13 survivors (13312K)
 Metaspace       used 160817K, committed 163008K, reserved 1245184K
  class space    used 20759K, committed 22144K, reserved 1048576K
}
Event: 9288.146 GC heap before
{Heap before GC invocations=98 (full 0):
 garbage-first heap   total 439296K, used 437401K [0x0000000080000000, 0x0000000100000000)
  region size 1024K, 243 young (248832K), 13 survivors (13312K)
 Metaspace       used 160934K, committed 163136K, reserved 1245184K
  class space    used 20760K, committed 22144K, reserved 1048576K
}
Event: 9288.273 GC heap after
{Heap after GC invocations=99 (full 0):
 garbage-first heap   total 457728K, used 130120K [0x0000000080000000, 0x0000000100000000)
  region size 1024K, 13 young (13312K), 13 survivors (13312K)
 Metaspace       used 160934K, committed 163136K, reserved 1245184K
  class space    used 20760K, committed 22144K, reserved 1048576K
}
Event: 9288.340 GC heap before
{Heap before GC invocations=99 (full 0):
 garbage-first heap   total 457728K, used 132168K [0x0000000080000000, 0x0000000100000000)
  region size 1024K, 16 young (16384K), 13 survivors (13312K)
 Metaspace       used 160934K, committed 163136K, reserved 1245184K
  class space    used 20760K, committed 22144K, reserved 1048576K
}
Event: 9288.375 GC heap after
{Heap after GC invocations=100 (full 0):
 garbage-first heap   total 457728K, used 129870K [0x0000000080000000, 0x0000000100000000)
  region size 1024K, 13 young (13312K), 13 survivors (13312K)
 Metaspace       used 160934K, committed 163136K, reserved 1245184K
  class space    used 20760K, committed 22144K, reserved 1048576K
}
Event: 10357.300 GC heap before
{Heap before GC invocations=101 (full 0):
 garbage-first heap   total 447488K, used 444238K [0x0000000080000000, 0x0000000100000000)
  region size 1024K, 262 young (268288K), 13 survivors (13312K)
 Metaspace       used 161037K, committed 163200K, reserved 1245184K
  class space    used 20762K, committed 22144K, reserved 1048576K
}
Event: 10357.410 GC heap after
{Heap after GC invocations=102 (full 0):
 garbage-first heap   total 464896K, used 138074K [0x0000000080000000, 0x0000000100000000)
  region size 1024K, 18 young (18432K), 18 survivors (18432K)
 Metaspace       used 161037K, committed 163200K, reserved 1245184K
  class space    used 20762K, committed 22144K, reserved 1048576K
}
Event: 10369.523 GC heap before
{Heap before GC invocations=102 (full 0):
 garbage-first heap   total 464896K, used 392026K [0x0000000080000000, 0x0000000100000000)
  region size 1024K, 233 young (238592K), 18 survivors (18432K)
 Metaspace       used 161523K, committed 163648K, reserved 1245184K
  class space    used 20821K, committed 22144K, reserved 1048576K
}
Event: 10369.656 GC heap after
{Heap after GC invocations=103 (full 0):
 garbage-first heap   total 464896K, used 154326K [0x0000000080000000, 0x0000000100000000)
  region size 1024K, 30 young (30720K), 30 survivors (30720K)
 Metaspace       used 161523K, committed 163648K, reserved 1245184K
  class space    used 20821K, committed 22144K, reserved 1048576K
}
Event: 10370.985 GC heap before
{Heap before GC invocations=103 (full 0):
 garbage-first heap   total 464896K, used 207574K [0x0000000080000000, 0x0000000100000000)
  region size 1024K, 75 young (76800K), 30 survivors (30720K)
 Metaspace       used 161578K, committed 163712K, reserved 1245184K
  class space    used 20822K, committed 22144K, reserved 1048576K
}
Event: 10371.071 GC heap after
{Heap after GC invocations=104 (full 0):
 garbage-first heap   total 464896K, used 165376K [0x0000000080000000, 0x0000000100000000)
  region size 1024K, 10 young (10240K), 10 survivors (10240K)
 Metaspace       used 161578K, committed 163712K, reserved 1245184K
  class space    used 20822K, committed 22144K, reserved 1048576K
}
Event: 10372.585 GC heap before
{Heap before GC invocations=104 (full 0):
 garbage-first heap   total 464896K, used 250368K [0x0000000080000000, 0x0000000100000000)
  region size 1024K, 69 young (70656K), 10 survivors (10240K)
 Metaspace       used 162203K, committed 164288K, reserved 1245184K
  class space    used 20863K, committed 22144K, reserved 1048576K
}
Event: 10372.653 GC heap after
{Heap after GC invocations=105 (full 0):
 garbage-first heap   total 464896K, used 170327K [0x0000000080000000, 0x0000000100000000)
  region size 1024K, 6 young (6144K), 6 survivors (6144K)
 Metaspace       used 162203K, committed 164288K, reserved 1245184K
  class space    used 20863K, committed 22144K, reserved 1048576K
}
Event: 10375.663 GC heap before
{Heap before GC invocations=105 (full 0):
 garbage-first heap   total 464896K, used 424279K [0x0000000080000000, 0x0000000100000000)
  region size 1024K, 240 young (245760K), 6 survivors (6144K)
 Metaspace       used 165348K, committed 167168K, reserved 1245184K
  class space    used 21150K, committed 22144K, reserved 1048576K
}
Event: 10375.725 GC heap after
{Heap after GC invocations=106 (full 0):
 garbage-first heap   total 464896K, used 169748K [0x0000000080000000, 0x0000000100000000)
  region size 1024K, 4 young (4096K), 4 survivors (4096K)
 Metaspace       used 165348K, committed 167168K, reserved 1245184K
  class space    used 21150K, committed 22144K, reserved 1048576K
}
Event: 10387.989 GC heap before
{Heap before GC invocations=106 (full 0):
 garbage-first heap   total 464896K, used 251668K [0x0000000080000000, 0x0000000100000000)
  region size 1024K, 86 young (88064K), 4 survivors (4096K)
 Metaspace       used 165409K, committed 167232K, reserved 1245184K
  class space    used 21151K, committed 22144K, reserved 1048576K
}
Event: 10388.023 GC heap after
{Heap after GC invocations=107 (full 0):
 garbage-first heap   total 464896K, used 174678K [0x0000000080000000, 0x0000000100000000)
  region size 1024K, 9 young (9216K), 9 survivors (9216K)
 Metaspace       used 165409K, committed 167232K, reserved 1245184K
  class space    used 21151K, committed 22144K, reserved 1048576K
}

