# JRE version: OpenJDK Runtime Environment (21.0.5) (build 21.0.5+-12932927-b750.29)
# Java VM: OpenJDK 64-Bit Server VM (21.0.5+-12932927-b750.29, mixed mode, tiered, compressed oops, compressed class ptrs, g1 gc, windows-amd64)
GC Precious Log:
 CardTable entry size: 512
 Card Set container configuration: InlinePtr #cards 5 size 8 Array Of Cards #cards 12 size 40 Howl #buckets 4 coarsen threshold 1843 Howl Bitmap #cards 512 size 80 coarsen threshold 460 Card regions per heap region 1 cards per card region 2048
 CPUs: 8 total, 8 available
 Memory: 8025M
 Large Page Support: Disabled
 NUMA Support: Disabled
 Compressed Oops: Enabled (32-bit)
 Heap Region Size: 1M
 Heap Min Capacity: 8M
 Heap Initial Capacity: 126M
 Heap Max Capacity: 2G
 Pre-touch: Disabled
 Parallel Workers: 8
 Concurrent Workers: 2
 Concurrent Refinement Workers: 8
 Periodic GC: Disabled
Heap:
 garbage-first heap   total 423936K, used 200469K [0x0000000080000000, 0x0000000100000000)
  region size 1024K, 34 young (34816K), 26 survivors (26624K)
 Metaspace       used 169328K, committed 171904K, reserved 1245184K
  class space    used 21714K, committed 23488K, reserved 1048576K
GC Heap History (20 events):
Event: 8689.821 GC heap before
{Heap before GC invocations=115 (full 0):
 garbage-first heap   total 421888K, used 385478K [0x0000000080000000, 0x0000000100000000)
  region size 1024K, 247 young (252928K), 17 survivors (17408K)
 Metaspace       used 169080K, committed 171520K, reserved 1245184K
  class space    used 21738K, committed 23488K, reserved 1048576K
}
Event: 8689.843 GC heap after
{Heap after GC invocations=116 (full 0):
 garbage-first heap   total 421888K, used 144914K [0x0000000080000000, 0x0000000100000000)
  region size 1024K, 21 young (21504K), 21 survivors (21504K)
 Metaspace       used 169080K, committed 171520K, reserved 1245184K
  class space    used 21738K, committed 23488K, reserved 1048576K
}
Event: 8689.890 GC heap before
{Heap before GC invocations=116 (full 0):
 garbage-first heap   total 421888K, used 150034K [0x0000000080000000, 0x0000000100000000)
  region size 1024K, 28 young (28672K), 21 survivors (21504K)
 Metaspace       used 169080K, committed 171520K, reserved 1245184K
  class space    used 21738K, committed 23488K, reserved 1048576K
}
Event: 8689.912 GC heap after
{Heap after GC invocations=117 (full 0):
 garbage-first heap   total 421888K, used 144312K [0x0000000080000000, 0x0000000100000000)
  region size 1024K, 9 young (9216K), 9 survivors (9216K)
 Metaspace       used 169080K, committed 171520K, reserved 1245184K
  class space    used 21738K, committed 23488K, reserved 1048576K
}
Event: 8805.039 GC heap before
{Heap before GC invocations=118 (full 0):
 garbage-first heap   total 421888K, used 352184K [0x0000000080000000, 0x0000000100000000)
  region size 1024K, 180 young (184320K), 9 survivors (9216K)
 Metaspace       used 168921K, committed 171456K, reserved 1245184K
  class space    used 21721K, committed 23488K, reserved 1048576K
}
Event: 8805.051 GC heap after
{Heap after GC invocations=119 (full 0):
 garbage-first heap   total 421888K, used 146056K [0x0000000080000000, 0x0000000100000000)
  region size 1024K, 12 young (12288K), 12 survivors (12288K)
 Metaspace       used 168921K, committed 171456K, reserved 1245184K
  class space    used 21721K, committed 23488K, reserved 1048576K
}
Event: 8807.598 GC heap before
{Heap before GC invocations=119 (full 0):
 garbage-first heap   total 421888K, used 337544K [0x0000000080000000, 0x0000000100000000)
  region size 1024K, 192 young (196608K), 12 survivors (12288K)
 Metaspace       used 169330K, committed 171776K, reserved 1245184K
  class space    used 21743K, committed 23488K, reserved 1048576K
}
Event: 8807.614 GC heap after
{Heap after GC invocations=120 (full 0):
 garbage-first heap   total 421888K, used 150592K [0x0000000080000000, 0x0000000100000000)
  region size 1024K, 22 young (22528K), 22 survivors (22528K)
 Metaspace       used 169330K, committed 171776K, reserved 1245184K
  class space    used 21743K, committed 23488K, reserved 1048576K
}
Event: 8807.765 GC heap before
{Heap before GC invocations=120 (full 0):
 garbage-first heap   total 421888K, used 201792K [0x0000000080000000, 0x0000000100000000)
  region size 1024K, 74 young (75776K), 22 survivors (22528K)
 Metaspace       used 169341K, committed 171776K, reserved 1245184K
  class space    used 21743K, committed 23488K, reserved 1048576K
}
Event: 8807.778 GC heap after
{Heap after GC invocations=121 (full 0):
 garbage-first heap   total 421888K, used 146560K [0x0000000080000000, 0x0000000100000000)
  region size 1024K, 9 young (9216K), 9 survivors (9216K)
 Metaspace       used 169341K, committed 171776K, reserved 1245184K
  class space    used 21743K, committed 23488K, reserved 1048576K
}
Event: 11997.851 GC heap before
{Heap before GC invocations=122 (full 0):
 garbage-first heap   total 421888K, used 351360K [0x0000000080000000, 0x0000000100000000)
  region size 1024K, 195 young (199680K), 9 survivors (9216K)
 Metaspace       used 169153K, committed 171584K, reserved 1245184K
  class space    used 21731K, committed 23488K, reserved 1048576K
}
Event: 11997.888 GC heap after
{Heap after GC invocations=123 (full 0):
 garbage-first heap   total 421888K, used 143639K [0x0000000080000000, 0x0000000100000000)
  region size 1024K, 9 young (9216K), 9 survivors (9216K)
 Metaspace       used 169153K, committed 171584K, reserved 1245184K
  class space    used 21731K, committed 23488K, reserved 1048576K
}
Event: 12075.345 GC heap before
{Heap before GC invocations=123 (full 0):
 garbage-first heap   total 421888K, used 356631K [0x0000000080000000, 0x0000000100000000)
  region size 1024K, 207 young (211968K), 9 survivors (9216K)
 Metaspace       used 169364K, committed 171840K, reserved 1245184K
  class space    used 21745K, committed 23488K, reserved 1048576K
}
Event: 12075.426 GC heap after
{Heap after GC invocations=124 (full 0):
 garbage-first heap   total 421888K, used 161083K [0x0000000080000000, 0x0000000100000000)
  region size 1024K, 26 young (26624K), 26 survivors (26624K)
 Metaspace       used 169364K, committed 171840K, reserved 1245184K
  class space    used 21745K, committed 23488K, reserved 1048576K
}
Event: 12075.516 GC heap before
{Heap before GC invocations=124 (full 0):
 garbage-first heap   total 421888K, used 170299K [0x0000000080000000, 0x0000000100000000)
  region size 1024K, 36 young (36864K), 26 survivors (26624K)
 Metaspace       used 169369K, committed 171840K, reserved 1245184K
  class space    used 21745K, committed 23488K, reserved 1048576K
}
Event: 12075.585 GC heap after
{Heap after GC invocations=125 (full 0):
 garbage-first heap   total 421888K, used 166912K [0x0000000080000000, 0x0000000100000000)
  region size 1024K, 5 young (5120K), 5 survivors (5120K)
 Metaspace       used 169369K, committed 171840K, reserved 1245184K
  class space    used 21745K, committed 23488K, reserved 1048576K
}
Event: 12079.070 GC heap before
{Heap before GC invocations=126 (full 0):
 garbage-first heap   total 421888K, used 360448K [0x0000000080000000, 0x0000000100000000)
  region size 1024K, 190 young (194560K), 5 survivors (5120K)
 Metaspace       used 169184K, committed 171904K, reserved 1245184K
  class space    used 21707K, committed 23488K, reserved 1048576K
}
Event: 12079.109 GC heap after
{Heap after GC invocations=127 (full 0):
 garbage-first heap   total 421888K, used 166152K [0x0000000080000000, 0x0000000100000000)
  region size 1024K, 8 young (8192K), 8 survivors (8192K)
 Metaspace       used 169184K, committed 171904K, reserved 1245184K
  class space    used 21707K, committed 23488K, reserved 1048576K
}
Event: 12629.292 GC heap before
{Heap before GC invocations=127 (full 0):
 garbage-first heap   total 421888K, used 380168K [0x0000000080000000, 0x0000000100000000)
  region size 1024K, 201 young (205824K), 8 survivors (8192K)
 Metaspace       used 169322K, committed 171904K, reserved 1245184K
  class space    used 21714K, committed 23488K, reserved 1048576K
}
Event: 12629.438 GC heap after
{Heap after GC invocations=128 (full 0):
 garbage-first heap   total 423936K, used 193301K [0x0000000080000000, 0x0000000100000000)
  region size 1024K, 26 young (26624K), 26 survivors (26624K)
 Metaspace       used 169322K, committed 171904K, reserved 1245184K
  class space    used 21714K, committed 23488K, reserved 1048576K
}

